mktextfm Times
mktextfm Times
mktextfm Times
mktextfm Times
mktextfm Times/B
mktextfm Times
mktextfm Times/I
mktextfm Times
mktextfm Times/BI
mktextfm 
mktextfm 
mktextfm 
mktextfm /B
mktextfm /I
mktextfm /BI
mktextfm JuraBook
mktextfm JuraBook
mktextfm JuraBook
mktextfm JuraBook
mktextfm JuraBook/B
mktextfm JuraBook
mktextfm JuraBook/I
mktextfm JuraBook
mktextfm JuraBook/BI
mktextfm Arial
mktextfm Arial
mktextfm Arial
mktextfm Arial
mktextfm Arial/B
mktextfm Arial
mktextfm Arial/I
mktextfm Arial
mktextfm Arial/BI
